<?xml version="1.0" encoding="UTF-8"?>
<testng-results skipped="0" failed="0" total="3" passed="3">
  <reporter-output>
  </reporter-output>
  <suite name="Suite" duration-ms="44355" started-at="2020-02-19T11:33:24Z" finished-at="2020-02-19T11:34:08Z">
    <groups>
      <group name="cucumber">
        <method signature="AbstractTestNGCucumberTests.runScenario(cucumber.api.testng.PickleEventWrapper, cucumber.api.testng.CucumberFeatureWrapper)[pri:0, instance:com.runner.TestRunnerClass@ae45eb6]" name="runScenario" class="cucumber.api.testng.AbstractTestNGCucumberTests"/>
      </group> <!-- cucumber -->
    </groups>
    <test name="Test" duration-ms="44355" started-at="2020-02-19T11:33:24Z" finished-at="2020-02-19T11:34:08Z">
      <class name="com.runner.TestRunnerClass">
        <test-method status="PASS" signature="setUpClass()[pri:0, instance:com.runner.TestRunnerClass@ae45eb6]" name="setUpClass" is-config="true" duration-ms="422" started-at="2020-02-19T17:03:24Z" finished-at="2020-02-19T17:03:24Z">
          <reporter-output>
          </reporter-output>
        </test-method> <!-- setUpClass -->
        <test-method status="PASS" signature="runScenario(cucumber.api.testng.PickleEventWrapper, cucumber.api.testng.CucumberFeatureWrapper)[pri:0, instance:com.runner.TestRunnerClass@ae45eb6]" name="runScenario" duration-ms="41722" started-at="2020-02-19T17:03:25Z" description="Runs Cucumber Scenarios" data-provider="scenarios" finished-at="2020-02-19T17:04:06Z">
          <params>
            <param index="0">
              <value>
                <![CDATA["To verify login with invalid credentials"]]>
              </value>
            </param>
            <param index="1">
              <value>
                <![CDATA["To verify the facebook login page"]]>
              </value>
            </param>
          </params>
          <reporter-output>
          </reporter-output>
        </test-method> <!-- runScenario -->
        <test-method status="PASS" signature="runScenario(cucumber.api.testng.PickleEventWrapper, cucumber.api.testng.CucumberFeatureWrapper)[pri:0, instance:com.runner.TestRunnerClass@ae45eb6]" name="runScenario" duration-ms="37539" started-at="2020-02-19T17:03:25Z" description="Runs Cucumber Scenarios" data-provider="scenarios" finished-at="2020-02-19T17:04:02Z">
          <params>
            <param index="0">
              <value>
                <![CDATA["To verify login with invalid credentials"]]>
              </value>
            </param>
            <param index="1">
              <value>
                <![CDATA["To verify the facebook login page"]]>
              </value>
            </param>
          </params>
          <reporter-output>
          </reporter-output>
        </test-method> <!-- runScenario -->
        <test-method status="PASS" signature="runScenario(cucumber.api.testng.PickleEventWrapper, cucumber.api.testng.CucumberFeatureWrapper)[pri:0, instance:com.runner.TestRunnerClass@ae45eb6]" name="runScenario" duration-ms="43709" started-at="2020-02-19T17:03:25Z" description="Runs Cucumber Scenarios" data-provider="scenarios" finished-at="2020-02-19T17:04:08Z">
          <params>
            <param index="0">
              <value>
                <![CDATA["To verify login with invalid credentials"]]>
              </value>
            </param>
            <param index="1">
              <value>
                <![CDATA["To verify the facebook login page"]]>
              </value>
            </param>
          </params>
          <reporter-output>
          </reporter-output>
        </test-method> <!-- runScenario -->
        <test-method status="PASS" signature="tearDownClass()[pri:0, instance:com.runner.TestRunnerClass@ae45eb6]" name="tearDownClass" is-config="true" duration-ms="82" started-at="2020-02-19T17:04:08Z" finished-at="2020-02-19T17:04:08Z">
          <reporter-output>
          </reporter-output>
        </test-method> <!-- tearDownClass -->
      </class> <!-- com.runner.TestRunnerClass -->
    </test> <!-- Test -->
  </suite> <!-- Suite -->
</testng-results>
